[0.000000] (-) TimerEvent: {}
[0.001010] (-) JobUnselected: {'identifier': 'mr2_realsense'}
[0.001814] (-) JobUnselected: {'identifier': 'yolobot_recognition'}
[0.001903] (-) JobUnselected: {'identifier': 'yolov8_msgs'}
[0.002423] (buffalo_robot) JobQueued: {'identifier': 'buffalo_robot', 'dependencies': OrderedDict()}
[0.002522] (buffalo_robot) JobStarted: {'identifier': 'buffalo_robot'}
[0.099333] (-) TimerEvent: {}
[0.201221] (-) TimerEvent: {}
[0.302076] (-) TimerEvent: {}
[0.402855] (-) TimerEvent: {}
[0.503530] (-) TimerEvent: {}
[0.604477] (-) TimerEvent: {}
[0.705163] (-) TimerEvent: {}
[0.805932] (-) TimerEvent: {}
[0.909437] (-) TimerEvent: {}
[1.013362] (-) TimerEvent: {}
[1.114871] (-) TimerEvent: {}
[1.215561] (-) TimerEvent: {}
[1.316318] (-) TimerEvent: {}
[1.416989] (-) TimerEvent: {}
[1.517622] (-) TimerEvent: {}
[1.618364] (-) TimerEvent: {}
[1.719054] (-) TimerEvent: {}
[1.774656] (buffalo_robot) StderrLine: {'line': b'Traceback (most recent call last):\n  File "/usr/lib/python3/dist-packages/colcon_parallel_executor/executor/parallel.py", line 75, in execute\n    loop.run_until_complete(future)\n  File "/usr/lib/python3.8/asyncio/base_events.py", line 603, in run_until_complete\n    self.run_forever()\n  File "/usr/lib/python3.8/asyncio/base_events.py", line 570, in run_forever\n    self._run_once()\n  File "/usr/lib/python3.8/asyncio/base_events.py", line 1823, in _run_once\n    event_list = self._selector.select(timeout)\n  File "/usr/lib/python3.8/selectors.py", line 468, in select\n    fd_event_list = self._selector.poll(timeout, max_ev)\nKeyboardInterrupt\n\nDuring handling of the above exception, another exception occurred:\n\nTraceback (most recent call last):\n  File "/usr/lib/python3/dist-packages/colcon_core/executor/__init__.py", line 91, in __call__\n    rc = await self.task(*args, **kwargs)\n  File "/usr/lib/python3/dist-packages/colcon_core/task/__init__.py", line 93, in __call__\n    return await task_method(*args, **kwargs)\n  File "/usr/lib/python3/dist-packages/colcon_ros/task/ament_python/build.py", line 102, in build\n    return await extension.build(additional_hooks=additional_hooks)\n  File "/usr/lib/python3/dist-packages/colcon_core/task/python/build.py", line 90, in build\n    available_commands = await self._get_available_commands(\n  File "/usr/lib/python3/dist-packages/colcon_core/task/python/build.py", line 188, in _get_available_commands\n    output = await check_output(\n  File "/usr/lib/python3/dist-packages/colcon_core/subprocess.py", line 129, in check_output\n    assert not rc, f\'Expected {args} to pass: {stderr_data}\'\nAssertionError: Expected [\'/usr/bin/python3\', \'-W\', \'ignore:setup.py install is deprecated\', \'setup.py\', \'--help-commands\'] to pass: Traceback (most recent call last):\n  File "setup.py", line 6, in <module>\n    setup(\n  File "/usr/lib/python3/dist-packages/setuptools/__init__.py", line 144, in setup\n    return distutils.core.setup(**attrs)\n  File "/usr/lib/python3.8/distutils/core.py", line 134, in setup\n    ok = dist.parse_command_line()\n  File "/usr/lib/python3/dist-packages/setuptools/dist.py", line 707, in parse_command_line\n    result = _Distribution.parse_command_line(self)\n  File "/usr/lib/python3.8/distutils/dist.py", line 480, in parse_command_line\n    if self.handle_display_options(option_order):\n  File "/usr/lib/python3/dist-packages/setuptools/dist.py", line 1092, in handle_display_options\n    return _Distribution.handle_display_options(self, option_order)\n  File "/usr/lib/python3.8/distutils/dist.py", line 683, in handle_display_options\n    self.print_commands()\n  File "/usr/lib/python3/dist-packages/setuptools/dist.py", line 843, in print_commands\n    cmdclass = ep.resolve()\n  File "/usr/lib/python3/dist-packages/pkg_resources/__init__.py", line 2451, in resolve\n    module = __import__(self.module_name, fromlist=[\'__name__\'], level=0)\n  File "<frozen importlib._bootstrap>", line 991, in _find_and_load\n  File "<frozen importlib._bootstrap>", line 971, in _find_and_load_unlocked\n  File "<frozen importlib._bootstrap>", line 914, in _find_spec\n  File "<frozen importlib._bootstrap_external>", line 1407, in find_spec\n  File "<frozen importlib._bootstrap_external>", line 1379, in _get_spec\nKeyboardInterrupt\n\n'}
[1.777130] (buffalo_robot) JobEnded: {'identifier': 'buffalo_robot', 'rc': 'SIGINT'}
[1.786082] (-) EventReactorShutdown: {}
