[0.000000] (-) TimerEvent: {}
[0.001185] (-) JobUnselected: {'identifier': 'mr2_realsense'}
[0.001449] (-) JobUnselected: {'identifier': 'yolobot_recognition'}
[0.001609] (-) JobUnselected: {'identifier': 'yolov8_msgs'}
[0.002209] (buffalo_robot) JobQueued: {'identifier': 'buffalo_robot', 'dependencies': OrderedDict()}
[0.002512] (buffalo_robot) JobStarted: {'identifier': 'buffalo_robot'}
[0.098372] (-) TimerEvent: {}
[0.200129] (-) TimerEvent: {}
[0.301014] (-) TimerEvent: {}
[0.402028] (-) TimerEvent: {}
[0.502791] (-) TimerEvent: {}
[0.603485] (-) TimerEvent: {}
[0.704222] (-) TimerEvent: {}
[0.804949] (-) TimerEvent: {}
[0.905765] (-) TimerEvent: {}
[1.007052] (-) TimerEvent: {}
[1.108569] (-) TimerEvent: {}
[1.209443] (-) TimerEvent: {}
[1.310116] (-) TimerEvent: {}
[1.410777] (-) TimerEvent: {}
[1.511501] (-) TimerEvent: {}
[1.612318] (-) TimerEvent: {}
[1.713095] (-) TimerEvent: {}
[1.813950] (-) TimerEvent: {}
[1.914654] (-) TimerEvent: {}
[2.015296] (-) TimerEvent: {}
[2.115979] (-) TimerEvent: {}
[2.216669] (-) TimerEvent: {}
[2.317402] (-) TimerEvent: {}
[2.344111] (buffalo_robot) Command: {'cmd': ['/usr/bin/python3', '-W', 'ignore:setup.py install is deprecated', 'setup.py', 'egg_info', '--egg-base', '../../../build/buffalo_robot', 'build', '--build-base', '/home/jsagx-6/itc01_ws/build/buffalo_robot/build', 'install', '--record', '/home/jsagx-6/itc01_ws/build/buffalo_robot/install.log', '--install-scripts', '$base/lib/buffalo_robot', '--single-version-externally-managed', 'install_data'], 'cwd': '/home/jsagx-6/itc01_ws/src/itc01_mr2/buffalo_robot', 'env': {'LESSOPEN': '| /usr/bin/lesspipe %s', 'USER': 'jsagx-6', 'SSH_CLIENT': '192.168.50.50 41426 22', 'LC_TIME': 'km_KH', 'XDG_SESSION_TYPE': 'tty', 'SHLVL': '1', 'LD_LIBRARY_PATH': '/home/jsagx-6/itc01_ws/install/yolov8_msgs/lib:/usr/local/cuda-11.4/lib64:/opt/ros/foxy/opt/yaml_cpp_vendor/lib:/opt/ros/foxy/opt/rviz_ogre_vendor/lib:/opt/ros/foxy/lib/aarch64-linux-gnu:/opt/ros/foxy/lib', 'MOTD_SHOWN': 'pam', 'HOME': '/home/jsagx-6', 'OLDPWD': '/home/jsagx-6', 'SSH_TTY': '/dev/pts/4', 'JETSON_L4T': '35.5.0', 'ROS_PYTHON_VERSION': '3', 'JETSON_MODEL': 'Jetson-AGX', 'LC_MONETARY': 'km_KH', 'DBUS_SESSION_BUS_ADDRESS': 'unix:path=/run/user/1000/bus', 'COLCON_PREFIX_PATH': '/home/jsagx-6/itc01_ws/install', 'ROS_DISTRO': 'foxy', 'LOGNAME': 'jsagx-6', 'JETSON_MODULE': 'NVIDIA Jetson AGX Xavier (32 GB ram)', 'JETSON_SERIAL_NUMBER': '1561221004404', '_': '/usr/bin/colcon', 'ROS_VERSION': '2', 'JETSON_CODENAME': 'Galen', 'XDG_SESSION_CLASS': 'user', 'TERM': 'xterm-256color', 'XDG_SESSION_ID': '10', 'ROS_LOCALHOST_ONLY': '0', 'PATH': '/home/jsagx-6/.local/bin:/opt/ros/foxy/bin:/usr/local/cuda-11.4/bin:/usr/local/sbin:/usr/local/bin:/usr/sbin:/usr/bin:/sbin:/bin:/usr/games:/usr/local/games:/snap/bin:/home/jsagx-6/.local/bin', 'LC_ADDRESS': 'km_KH', 'XDG_RUNTIME_DIR': '/run/user/1000', 'DISPLAY': 'localhost:14.0', 'LANG': 'en_US.UTF-8', 'LC_TELEPHONE': 'km_KH', 'LS_COLORS': 'rs=0:di=01;34:ln=01;36:mh=00:pi=40;33:so=01;35:do=01;35:bd=40;33;01:cd=40;33;01:or=40;31;01:mi=00:su=37;41:sg=30;43:ca=30;41:tw=30;42:ow=34;42:st=37;44:ex=01;32:*.tar=01;31:*.tgz=01;31:*.arc=01;31:*.arj=01;31:*.taz=01;31:*.lha=01;31:*.lz4=01;31:*.lzh=01;31:*.lzma=01;31:*.tlz=01;31:*.txz=01;31:*.tzo=01;31:*.t7z=01;31:*.zip=01;31:*.z=01;31:*.dz=01;31:*.gz=01;31:*.lrz=01;31:*.lz=01;31:*.lzo=01;31:*.xz=01;31:*.zst=01;31:*.tzst=01;31:*.bz2=01;31:*.bz=01;31:*.tbz=01;31:*.tbz2=01;31:*.tz=01;31:*.deb=01;31:*.rpm=01;31:*.jar=01;31:*.war=01;31:*.ear=01;31:*.sar=01;31:*.rar=01;31:*.alz=01;31:*.ace=01;31:*.zoo=01;31:*.cpio=01;31:*.7z=01;31:*.rz=01;31:*.cab=01;31:*.wim=01;31:*.swm=01;31:*.dwm=01;31:*.esd=01;31:*.jpg=01;35:*.jpeg=01;35:*.mjpg=01;35:*.mjpeg=01;35:*.gif=01;35:*.bmp=01;35:*.pbm=01;35:*.pgm=01;35:*.ppm=01;35:*.tga=01;35:*.xbm=01;35:*.xpm=01;35:*.tif=01;35:*.tiff=01;35:*.png=01;35:*.svg=01;35:*.svgz=01;35:*.mng=01;35:*.pcx=01;35:*.mov=01;35:*.mpg=01;35:*.mpeg=01;35:*.m2v=01;35:*.mkv=01;35:*.webm=01;35:*.ogm=01;35:*.mp4=01;35:*.m4v=01;35:*.mp4v=01;35:*.vob=01;35:*.qt=01;35:*.nuv=01;35:*.wmv=01;35:*.asf=01;35:*.rm=01;35:*.rmvb=01;35:*.flc=01;35:*.avi=01;35:*.fli=01;35:*.flv=01;35:*.gl=01;35:*.dl=01;35:*.xcf=01;35:*.xwd=01;35:*.yuv=01;35:*.cgm=01;35:*.emf=01;35:*.ogv=01;35:*.ogx=01;35:*.aac=00;36:*.au=00;36:*.flac=00;36:*.m4a=00;36:*.mid=00;36:*.midi=00;36:*.mka=00;36:*.mp3=00;36:*.mpc=00;36:*.ogg=00;36:*.ra=00;36:*.wav=00;36:*.oga=00;36:*.opus=00;36:*.spx=00;36:*.xspf=00;36:', 'JETSON_SOC': 'tegra194', 'ROS_DOMAIN_ID': '5', 'AMENT_PREFIX_PATH': '/home/jsagx-6/itc01_ws/install/yolov8_msgs:/home/jsagx-6/itc01_ws/install/yolobot_recognition:/home/jsagx-6/itc01_ws/install/mr2_realsense:/home/jsagx-6/itc01_ws/install/buffalo_robot:/opt/ros/foxy', 'SHELL': '/bin/bash', 'LC_NAME': 'km_KH', 'LESSCLOSE': '/usr/bin/lesspipe %s %s', 'LC_MEASUREMENT': 'km_KH', 'LC_IDENTIFICATION': 'km_KH', 'JETSON_CUDA_ARCH_BIN': '7.2', 'PWD': '/home/jsagx-6/itc01_ws/build/buffalo_robot', 'LC_ALL': 'en_US.UTF-8', 'SSH_CONNECTION': '192.168.50.50 41426 192.168.50.174 22', 'XDG_DATA_DIRS': '/usr/local/share:/usr/share:/var/lib/snapd/desktop', 'PYTHONPATH': '/home/jsagx-6/itc01_ws/build/buffalo_robot/prefix_override:/home/jsagx-6/itc01_ws/install/buffalo_robot/lib/python3.8/site-packages:/home/jsagx-6/itc01_ws/install/yolov8_msgs/lib/python3.8/site-packages:/home/jsagx-6/itc01_ws/install/mr2_realsense/lib/python3.8/site-packages:/home/jsagx-6/itc01_ws/install/buffalo_robot/lib/python3.8/site-packages:/usr/local/lib:/usr/local/lib/python3.6/pyrealsense2:/usr/local/lib:/usr/local/lib/python3.6/pyrealsense2:/usr/local/lib:/usr/local/lib/python3.6/pyrealsense2:/usr/local/lib:/usr/local/lib/python3.6/pyrealsense2:/usr/local/lib:/usr/local/lib/python3.6/pyrealsense2:/usr/local/lib:/usr/local/lib/python3.6/pyrealsense2:/usr/local/lib:/usr/local/lib/python3.6/pyrealsense2:/usr/local/lib:/usr/local/lib/python3.6/pyrealsense2:/usr/local/lib:/usr/local/lib/python3.6/pyrealsense2:/usr/local/lib:/usr/local/lib/python3.6/pyrealsense2:/usr/local/lib:/usr/local/lib/python3.6/pyrealsense2:/usr/local/lib:/usr/local/lib/python3.6/pyrealsense2:/usr/local/lib:/usr/local/lib/python3.6/pyrealsense2:/usr/local/lib:/usr/local/lib/python3.6/pyrealsense2:/opt/ros/foxy/lib/python3.8/site-packages:/usr/local/lib', 'LC_NUMERIC': 'km_KH', 'LC_PAPER': 'km_KH', 'COLCON': '1', 'JETSON_JETPACK': '5.1.3', 'CMAKE_PREFIX_PATH': '/home/jsagx-6/itc01_ws/install/yolov8_msgs:/home/jsagx-6/itc01_ws/install/yolobot_recognition', 'JETSON_P_NUMBER': 'p2888-0004'}, 'shell': False}
[2.417733] (-) TimerEvent: {}
[2.518806] (-) TimerEvent: {}
[2.619475] (-) TimerEvent: {}
[2.720168] (-) TimerEvent: {}
[2.820877] (-) TimerEvent: {}
[2.921627] (-) TimerEvent: {}
[3.022282] (-) TimerEvent: {}
[3.053140] (buffalo_robot) StderrLine: {'line': b'Traceback (most recent call last):\n'}
[3.054798] (buffalo_robot) StderrLine: {'line': b'  File "/usr/lib/python3/dist-packages/pkg_resources/__init__.py", line 2859, in get_entry_map\n'}
[3.055151] (buffalo_robot) StderrLine: {'line': b'    ep_map = self._ep_map\n'}
[3.055424] (buffalo_robot) StderrLine: {'line': b'  File "/usr/lib/python3/dist-packages/pkg_resources/__init__.py", line 2817, in __getattr__\n'}
[3.057417] (buffalo_robot) StderrLine: {'line': b'    raise AttributeError(attr)\n'}
[3.057766] (buffalo_robot) StderrLine: {'line': b'AttributeError: _ep_map\n'}
[3.058009] (buffalo_robot) StderrLine: {'line': b'\n'}
[3.058244] (buffalo_robot) StderrLine: {'line': b'During handling of the above exception, another exception occurred:\n'}
[3.058576] (buffalo_robot) StderrLine: {'line': b'\n'}
[3.058859] (buffalo_robot) StderrLine: {'line': b'Traceback (most recent call last):\n'}
[3.059143] (buffalo_robot) StderrLine: {'line': b'  File "setup.py", line 6, in <module>\n'}
[3.059383] (buffalo_robot) StderrLine: {'line': b'    setup(\n'}
[3.059731] (buffalo_robot) StderrLine: {'line': b'  File "/usr/lib/python3/dist-packages/setuptools/__init__.py", line 143, in setup\n'}
[3.059998] (buffalo_robot) StderrLine: {'line': b'    _install_setup_requires(attrs)\n'}
[3.060274] (buffalo_robot) StderrLine: {'line': b'  File "/usr/lib/python3/dist-packages/setuptools/__init__.py", line 131, in _install_setup_requires\n'}
[3.060576] (buffalo_robot) StderrLine: {'line': b'    dist = distutils.core.Distribution(dict(\n'}
[3.060920] (buffalo_robot) StderrLine: {'line': b'  File "/usr/lib/python3/dist-packages/setuptools/dist.py", line 445, in __init__\n'}
[3.061165] (buffalo_robot) StderrLine: {'line': b"    for ep in pkg_resources.iter_entry_points('distutils.setup_keywords'):\n"}
[3.061502] (buffalo_robot) StderrLine: {'line': b'  File "/usr/lib/python3/dist-packages/pkg_resources/__init__.py", line 657, in <genexpr>\n'}
[3.061869] (buffalo_robot) StderrLine: {'line': b'    for entry in dist.get_entry_map(group).values()\n'}
[3.062148] (buffalo_robot) StderrLine: {'line': b'  File "/usr/lib/python3/dist-packages/pkg_resources/__init__.py", line 2861, in get_entry_map\n'}
[3.062384] (buffalo_robot) StderrLine: {'line': b'    ep_map = self._ep_map = EntryPoint.parse_map(\n'}
[3.062615] (buffalo_robot) StderrLine: {'line': b'  File "/usr/lib/python3/dist-packages/pkg_resources/__init__.py", line 2529, in parse_map\n'}
[3.062964] (buffalo_robot) StderrLine: {'line': b'    for group, lines in data:\n'}
[3.063247] (buffalo_robot) StderrLine: {'line': b'  File "/usr/lib/python3/dist-packages/pkg_resources/__init__.py", line 3201, in split_sections\n'}
[3.063648] (buffalo_robot) StderrLine: {'line': b'    for line in yield_lines(s):\n'}
[3.063905] (buffalo_robot) StderrLine: {'line': b'  File "/usr/lib/python3/dist-packages/pkg_resources/__init__.py", line 2389, in yield_lines\n'}
[3.064279] (buffalo_robot) StderrLine: {'line': b'    for ss in strs:\n'}
[3.064539] (buffalo_robot) StderrLine: {'line': b'  File "/usr/lib/python3/dist-packages/pkg_resources/__init__.py", line 2769, in _get_metadata\n'}
[3.064944] (buffalo_robot) StderrLine: {'line': b'    for line in self.get_metadata_lines(name):\n'}
[3.065253] (buffalo_robot) StderrLine: {'line': b'  File "/usr/lib/python3/dist-packages/pkg_resources/__init__.py", line 1433, in get_metadata_lines\n'}
[3.065667] (buffalo_robot) StderrLine: {'line': b'    return yield_lines(self.get_metadata(name))\n'}
[3.065983] (buffalo_robot) StderrLine: {'line': b'  File "/usr/lib/python3/dist-packages/pkg_resources/__init__.py", line 1421, in get_metadata\n'}
[3.066277] (buffalo_robot) StderrLine: {'line': b'    value = self._get(path)\n'}
[3.066624] (buffalo_robot) StderrLine: {'line': b'  File "/usr/lib/python3/dist-packages/pkg_resources/__init__.py", line 1617, in _get\n'}
[3.066973] (buffalo_robot) StderrLine: {'line': b"    with open(path, 'rb') as stream:\n"}
[3.067290] (buffalo_robot) StderrLine: {'line': b'KeyboardInterrupt\n'}
[3.116220] (buffalo_robot) CommandEnded: {'returncode': -2}
[3.117488] (buffalo_robot) JobEnded: {'identifier': 'buffalo_robot', 'rc': 'SIGINT'}
[3.122375] (-) TimerEvent: {}
[3.128051] (-) EventReactorShutdown: {}
